  main.cpp
C:\PL\os-assignment2\os-assignment2\main.cpp(41,56): warning C4311: '형식 캐스트': 'Value'에서 'int'(으)로 포인터가 잘립니다.
C:\PL\os-assignment2\os-assignment2\main.cpp(41,56): warning C4302: '형식 캐스트': 'Value'에서 'int'(으)로 잘립니다.
C:\PL\os-assignment2\os-assignment2\main.cpp(46,17): warning C4311: '형식 캐스트': 'Value'에서 'int'(으)로 포인터가 잘립니다.
C:\PL\os-assignment2\os-assignment2\main.cpp(46,17): warning C4302: '형식 캐스트': 'Value'에서 'int'(으)로 잘립니다.
C:\PL\os-assignment2\os-assignment2\main.cpp(47,56): warning C4311: '형식 캐스트': 'Value'에서 'int'(으)로 포인터가 잘립니다.
C:\PL\os-assignment2\os-assignment2\main.cpp(47,56): warning C4302: '형식 캐스트': 'Value'에서 'int'(으)로 잘립니다.
C:\PL\os-assignment2\os-assignment2\main.cpp(87,28): warning C4312: '형식 캐스트': 'int'에서 더 큰 'void *'(으)로의 변환입니다.
C:\PL\os-assignment2\os-assignment2\main.cpp(101,31): warning C4311: '형식 캐스트': 'Value'에서 'int'(으)로 포인터가 잘립니다.
C:\PL\os-assignment2\os-assignment2\main.cpp(101,31): warning C4302: '형식 캐스트': 'Value'에서 'int'(으)로 잘립니다.
C:\PL\os-assignment2\os-assignment2\main.cpp(104,33): warning C4311: '형식 캐스트': 'Value'에서 'int'(으)로 포인터가 잘립니다.
C:\PL\os-assignment2\os-assignment2\main.cpp(104,33): warning C4302: '형식 캐스트': 'Value'에서 'int'(으)로 잘립니다.
C:\PL\os-assignment2\os-assignment2\main.cpp(107,33): warning C4311: '형식 캐스트': 'Value'에서 'int'(으)로 포인터가 잘립니다.
C:\PL\os-assignment2\os-assignment2\main.cpp(107,33): warning C4302: '형식 캐스트': 'Value'에서 'int'(으)로 잘립니다.
C:\PL\os-assignment2\os-assignment2\main.cpp(110,33): warning C4311: '형식 캐스트': 'Value'에서 'int'(으)로 포인터가 잘립니다.
C:\PL\os-assignment2\os-assignment2\main.cpp(110,33): warning C4302: '형식 캐스트': 'Value'에서 'int'(으)로 잘립니다.
C:\PL\os-assignment2\os-assignment2\main.cpp(113,33): warning C4311: '형식 캐스트': 'Value'에서 'int'(으)로 포인터가 잘립니다.
C:\PL\os-assignment2\os-assignment2\main.cpp(113,33): warning C4302: '형식 캐스트': 'Value'에서 'int'(으)로 잘립니다.
C:\PL\os-assignment2\os-assignment2\main.cpp(116,33): warning C4311: '형식 캐스트': 'Value'에서 'int'(으)로 포인터가 잘립니다.
C:\PL\os-assignment2\os-assignment2\main.cpp(116,33): warning C4302: '형식 캐스트': 'Value'에서 'int'(으)로 잘립니다.
C:\PL\os-assignment2\os-assignment2\main.cpp(119,33): warning C4311: '형식 캐스트': 'Value'에서 'int'(으)로 포인터가 잘립니다.
C:\PL\os-assignment2\os-assignment2\main.cpp(119,33): warning C4302: '형식 캐스트': 'Value'에서 'int'(으)로 잘립니다.
C:\PL\os-assignment2\os-assignment2\main.cpp(130,40): warning C4311: '형식 캐스트': 'Value'에서 'int'(으)로 포인터가 잘립니다.
C:\PL\os-assignment2\os-assignment2\main.cpp(130,40): warning C4302: '형식 캐스트': 'Value'에서 'int'(으)로 잘립니다.
C:\PL\os-assignment2\os-assignment2\main.cpp(133,39): warning C4311: '형식 캐스트': 'Value'에서 'int'(으)로 포인터가 잘립니다.
C:\PL\os-assignment2\os-assignment2\main.cpp(133,39): warning C4302: '형식 캐스트': 'Value'에서 'int'(으)로 잘립니다.
C:\PL\os-assignment2\os-assignment2\main.cpp(150,42): warning C4311: '형식 캐스트': 'Value'에서 'int'(으)로 포인터가 잘립니다.
C:\PL\os-assignment2\os-assignment2\main.cpp(150,42): warning C4302: '형식 캐스트': 'Value'에서 'int'(으)로 잘립니다.
C:\PL\os-assignment2\os-assignment2\main.cpp(153,41): warning C4311: '형식 캐스트': 'Value'에서 'int'(으)로 포인터가 잘립니다.
C:\PL\os-assignment2\os-assignment2\main.cpp(153,41): warning C4302: '형식 캐스트': 'Value'에서 'int'(으)로 잘립니다.
C:\PL\os-assignment2\os-assignment2\main.cpp(171,41): warning C4311: '형식 캐스트': 'Value'에서 'int'(으)로 포인터가 잘립니다.
C:\PL\os-assignment2\os-assignment2\main.cpp(171,41): warning C4302: '형식 캐스트': 'Value'에서 'int'(으)로 잘립니다.
C:\PL\os-assignment2\os-assignment2\main.cpp(174,40): warning C4311: '형식 캐스트': 'Value'에서 'int'(으)로 포인터가 잘립니다.
C:\PL\os-assignment2\os-assignment2\main.cpp(174,40): warning C4302: '형식 캐스트': 'Value'에서 'int'(으)로 잘립니다.
C:\PL\os-assignment2\os-assignment2\main.cpp(182,43): warning C4311: '형식 캐스트': 'Value'에서 'int'(으)로 포인터가 잘립니다.
C:\PL\os-assignment2\os-assignment2\main.cpp(182,43): warning C4302: '형식 캐스트': 'Value'에서 'int'(으)로 잘립니다.
C:\PL\os-assignment2\os-assignment2\main.cpp(185,42): warning C4311: '형식 캐스트': 'Value'에서 'int'(으)로 포인터가 잘립니다.
C:\PL\os-assignment2\os-assignment2\main.cpp(185,42): warning C4302: '형식 캐스트': 'Value'에서 'int'(으)로 잘립니다.
  os-assignment2.vcxproj -> C:\PL\os-assignment2\os-assignment2\x64\Debug\os-assignment2.exe
